Using pre-set license
Built from '2022.2/staging' branch; Version is '2022.2.17f1 (54cb9bda89c4) revision 5557147'; Using compiler version '192829333'; Build Type 'Release'
OS: 'Windows 10  (10.0.19045) 64bit CoreSingleLanguage' Language: 'es' Physical Memory: 32617 MB
BatchMode: 1, IsHumanControllingUs: 0, StartBugReporterOnCrash: 0, Is64bit: 1, IsPro: 1

COMMAND LINE ARGUMENTS:
D:\Unity Versions\2022.2.17f1\Editor\Unity.exe
-adb2
-batchMode
-noUpm
-name
AssetImportWorker0
-projectPath
D:/Unity projects/E3_optimizacion
-logFile
Logs/AssetImportWorker0.log
-srvPort
57509
Successfully changed project path to: D:/Unity projects/E3_optimizacion
D:/Unity projects/E3_optimizacion
[UnityMemory] Configuration Parameters - Can be set up in boot.config
    "memorysetup-bucket-allocator-granularity=16"
    "memorysetup-bucket-allocator-bucket-count=8"
    "memorysetup-bucket-allocator-block-size=33554432"
    "memorysetup-bucket-allocator-block-count=8"
    "memorysetup-main-allocator-block-size=16777216"
    "memorysetup-thread-allocator-block-size=16777216"
    "memorysetup-gfx-main-allocator-block-size=16777216"
    "memorysetup-gfx-thread-allocator-block-size=16777216"
    "memorysetup-cache-allocator-block-size=4194304"
    "memorysetup-typetree-allocator-block-size=2097152"
    "memorysetup-profiler-bucket-allocator-granularity=16"
    "memorysetup-profiler-bucket-allocator-bucket-count=8"
    "memorysetup-profiler-bucket-allocator-block-size=33554432"
    "memorysetup-profiler-bucket-allocator-block-count=8"
    "memorysetup-profiler-allocator-block-size=16777216"
    "memorysetup-profiler-editor-allocator-block-size=1048576"
    "memorysetup-temp-allocator-size-main=16777216"
    "memorysetup-job-temp-allocator-block-size=2097152"
    "memorysetup-job-temp-allocator-block-size-background=1048576"
    "memorysetup-job-temp-allocator-reduction-small-platforms=262144"
    "memorysetup-temp-allocator-size-background-worker=32768"
    "memorysetup-temp-allocator-size-job-worker=262144"
    "memorysetup-temp-allocator-size-preload-manager=33554432"
    "memorysetup-temp-allocator-size-nav-mesh-worker=65536"
    "memorysetup-temp-allocator-size-audio-worker=65536"
    "memorysetup-temp-allocator-size-cloud-worker=32768"
    "memorysetup-temp-allocator-size-gi-baking-worker=262144"
    "memorysetup-temp-allocator-size-gfx=262144"
Player connection [13068] Host "[IP] 172.24.167.48 [Port] 0 [Flags] 2 [Guid] 4242784725 [EditorId] 4242784725 [Version] 1048832 [Id] WindowsEditor(7,LAPTOP-9OBMB2M4) [Debug] 1 [PackageName] WindowsEditor [ProjectName] Editor" joined multi-casting on [225.0.0.222:54997]...

Player connection [13068] Host "[IP] 172.24.167.48 [Port] 0 [Flags] 2 [Guid] 4242784725 [EditorId] 4242784725 [Version] 1048832 [Id] WindowsEditor(7,LAPTOP-9OBMB2M4) [Debug] 1 [PackageName] WindowsEditor [ProjectName] Editor" joined alternative multi-casting on [225.0.0.222:34997]...

Refreshing native plugins compatible for Editor in 10.72 ms, found 3 plugins.
Preloading 0 native plugins for Editor in 0.00 ms.
Initialize engine version: 2022.2.17f1 (54cb9bda89c4)
[Subsystems] Discovering subsystems at path D:/Unity Versions/2022.2.17f1/Editor/Data/Resources/UnitySubsystems
[Subsystems] Discovering subsystems at path D:/Unity projects/E3_optimizacion/Assets
GfxDevice: creating device client; threaded=0; jobified=0
Direct3D:
    Version:  Direct3D 11.0 [level 11.1]
    Renderer: NVIDIA GeForce RTX 2060 (ID=0x1f11)
    Vendor:   NVIDIA
    VRAM:     5968 MB
    Driver:   31.0.15.3742
Initialize mono
Mono path[0] = 'D:/Unity Versions/2022.2.17f1/Editor/Data/Managed'
Mono path[1] = 'D:/Unity Versions/2022.2.17f1/Editor/Data/MonoBleedingEdge/lib/mono/unityjit-win32'
Mono config path = 'D:/Unity Versions/2022.2.17f1/Editor/Data/MonoBleedingEdge/etc'
Using monoOptions --debugger-agent=transport=dt_socket,embedding=1,server=y,suspend=n,address=127.0.0.1:56772
Begin MonoManager ReloadAssembly
Registering precompiled unity dll's ...
Register platform support module: D:/Unity Versions/2022.2.17f1/Editor/Data/PlaybackEngines/WindowsStandaloneSupport/UnityEditor.WindowsStandalone.Extensions.dll
Registered in 0.007886 seconds.
- Loaded All Assemblies, in  0.583 seconds
Native extension for WindowsStandalone target not found
Mono: successfully reloaded assembly
- Finished resetting the current domain, in  0.475 seconds
Domain Reload Profiling:
	ReloadAssembly (361ms)
		BeginReloadAssembly (198ms)
			ExecutionOrderSort (0ms)
			DisableScriptedObjects (0ms)
			BackupInstance (0ms)
			ReleaseScriptingObjects (0ms)
			CreateAndSetChildDomain (1ms)
		LoadAllAssembliesAndSetupDomain (0ms)
			LoadAssemblies (197ms)
			RebuildTransferFunctionScriptingTraits (0ms)
			SetupTypeCache (215ms)
				TypeCache.Initialize (214ms)
					TypeCache.ScanAssembly (211ms)
				ResolveRequiredComponents (1ms)
		FinalizeReload (0ms)
			ReleaseScriptCaches (0ms)
			RebuildScriptCaches (0ms)
			SetupLoadedEditorAssemblies (371ms)
				LogAssemblyErrors (0ms)
				InitializePlatformSupportModulesInManaged (12ms)
				SetLoadedEditorAssemblies (15ms)
				RefreshPlugins (0ms)
				BeforeProcessingInitializeOnLoad (2ms)
				ProcessInitializeOnLoadAttributes (254ms)
				ProcessInitializeOnLoadMethodAttributes (88ms)
				AfterProcessingInitializeOnLoad (0ms)
				EditorAssembliesLoaded (0ms)
			ExecutionOrderSort2 (0ms)
			AwakeInstancesAfterBackupRestoration (0ms)
========================================================================
Worker process is ready to serve import requests
Begin MonoManager ReloadAssembly
Symbol file LoadedFromMemory doesn't match image D:\Unity projects\E3_optimizacion\Library\PackageCache\com.unity.visualscripting@1.8.0\Editor\VisualScripting.Core\Dependencies\YamlDotNet\Unity.VisualScripting.YamlDotNet.dll
Symbol file LoadedFromMemory doesn't match image D:\Unity projects\E3_optimizacion\Library\PackageCache\com.unity.visualscripting@1.8.0\Editor\VisualScripting.Core\Dependencies\DotNetZip\Unity.VisualScripting.IonicZip.dll
- Loaded All Assemblies, in  1.253 seconds
Refreshing native plugins compatible for Editor in 4.93 ms, found 3 plugins.
Native extension for WindowsStandalone target not found
Mono: successfully reloaded assembly
- Finished resetting the current domain, in  0.847 seconds
Domain Reload Profiling:
	ReloadAssembly (394ms)
		BeginReloadAssembly (253ms)
			ExecutionOrderSort (0ms)
			DisableScriptedObjects (10ms)
			BackupInstance (0ms)
			ReleaseScriptingObjects (0ms)
			CreateAndSetChildDomain (39ms)
		LoadAllAssembliesAndSetupDomain (858ms)
			LoadAssemblies (440ms)
			RebuildTransferFunctionScriptingTraits (0ms)
			SetupTypeCache (561ms)
				TypeCache.Initialize (526ms)
					TypeCache.ScanAssembly (519ms)
				ResolveRequiredComponents (10ms)
		FinalizeReload (0ms)
			ReleaseScriptCaches (0ms)
			RebuildScriptCaches (0ms)
			SetupLoadedEditorAssemblies (597ms)
				LogAssemblyErrors (0ms)
				InitializePlatformSupportModulesInManaged (8ms)
				SetLoadedEditorAssemblies (8ms)
				RefreshPlugins (0ms)
				BeforeProcessingInitializeOnLoad (85ms)
				ProcessInitializeOnLoadAttributes (454ms)
				ProcessInitializeOnLoadMethodAttributes (36ms)
				AfterProcessingInitializeOnLoad (5ms)
				EditorAssembliesLoaded (0ms)
			ExecutionOrderSort2 (0ms)
			AwakeInstancesAfterBackupRestoration (17ms)
Launched and connected shader compiler UnityShaderCompiler.exe after 0.07 seconds
Refreshing native plugins compatible for Editor in 6.54 ms, found 3 plugins.
Preloading 0 native plugins for Editor in 0.00 ms.
Unloading 3067 Unused Serialized files (Serialized files now loaded: 0)
Unloading 31 unused Assets / (66.3 KB). Loaded Objects now: 3531.
Memory consumption went from 109.4 MB to 109.4 MB.
Total: 5.629100 ms (FindLiveObjects: 0.369000 ms CreateObjectMapping: 0.291800 ms MarkObjects: 4.826000 ms  DeleteObjects: 0.141000 ms)

AssetImportParameters requested are different than current active one (requested -> active):
  custom:container-demuxer-ogg: 62fdf1f143b41e24485cea50d1cbac27 -> 
  custom:video-codec-MediaFoundation-h265: 746d11721c4dcdbdad8f713fa42b33f4 -> 
  custom:video-decoder-ogg-theora: a1e56fd34408186e4bbccfd4996cb3dc -> 
  custom:framework-win-MediaFoundation: 216162199b28c13a410421893ffa2e32 -> 
  custom:container-demuxer-webm: 4f35f7cbe854078d1ac9338744f61a02 -> 
  custom:container-muxer-webm: aa71ff27fc2769a1b78a27578f13a17b -> 
  custom:video-decoder-webm-vp8: 9c59270c3fd7afecdb556c50c9e8de78 -> 
  custom:AudioImporter_EditorPlatform: d09bf68614088b80899f8185d706f6e7 -> 
  custom:video-encoder-webm-vp8: eb34c28f22e8b96e1ab97ce403110664 -> 
  custom:audio-decoder-ogg-vorbis: bf7c407c2cedff20999df2af8eb42d56 -> 
  custom:audio-encoder-webm-vorbis: bf7c407c2cedff20999df2af8eb42d56 -> 
========================================================================
Received Import Request.
  Time since last request: 42656.544039 seconds.
  path: Assets/OV_E3/1. Scenes/E3/Lightmap-0_comp_dir.png
  artifactKey: Guid(73e832392a8f45a42a36f3261da85a5e) Importer(815301076,1909f56bfc062723c751e8b465ee728b)
Start importing Assets/OV_E3/1. Scenes/E3/Lightmap-0_comp_dir.png using Guid(73e832392a8f45a42a36f3261da85a5e) Importer(815301076,1909f56bfc062723c751e8b465ee728b)  -> (artifact id: '0063904ef317867ec15bdb86d4d20564') in 0.113992 seconds
Number of updated asset objects reloaded before import = 0
Number of asset objects unloaded after import = 2
========================================================================
Received Import Request.
  Time since last request: 0.000032 seconds.
  path: Assets/OV_E3/1. Scenes/E3/Lightmap-1_comp_light.exr
  artifactKey: Guid(7d58426dee0e15d4b9c8edb45096f781) Importer(815301076,1909f56bfc062723c751e8b465ee728b)
Start importing Assets/OV_E3/1. Scenes/E3/Lightmap-1_comp_light.exr using Guid(7d58426dee0e15d4b9c8edb45096f781) Importer(815301076,1909f56bfc062723c751e8b465ee728b)  -> (artifact id: '6fcc74c7ebe4773a932a4eb08c69e97b') in 0.051417 seconds
Number of updated asset objects reloaded before import = 0
Number of asset objects unloaded after import = 2
========================================================================
Received Import Request.
  Time since last request: 291.639841 seconds.
  path: Assets/OV_E3/3. Prefabs
  artifactKey: Guid(23455a1502429984b8d574f9a5ce83ef) Importer(815301076,1909f56bfc062723c751e8b465ee728b)
Start importing Assets/OV_E3/3. Prefabs using Guid(23455a1502429984b8d574f9a5ce83ef) Importer(815301076,1909f56bfc062723c751e8b465ee728b)  -> (artifact id: 'cf59143178c14d3b47fc8d6ac6ee409d') in 0.001086 seconds
Number of updated asset objects reloaded before import = 0
Number of asset objects unloaded after import = 0
========================================================================
Received Import Request.
  Time since last request: 0.051715 seconds.
  path: Assets/OV_E3/2. Models
  artifactKey: Guid(d84d2208f6593304ca8a8b40fc45f0c6) Importer(815301076,1909f56bfc062723c751e8b465ee728b)
Start importing Assets/OV_E3/2. Models using Guid(d84d2208f6593304ca8a8b40fc45f0c6) Importer(815301076,1909f56bfc062723c751e8b465ee728b)  -> (artifact id: '63a5cbf7976f5489f176dacb5e0637d7') in 0.000761 seconds
Number of updated asset objects reloaded before import = 0
Number of asset objects unloaded after import = 0
========================================================================
Received Import Request.
  Time since last request: 1.027158 seconds.
  path: Assets/OV_E3/4. Materials
  artifactKey: Guid(b78281697b60c2d41b901fc4095095bb) Importer(815301076,1909f56bfc062723c751e8b465ee728b)
Start importing Assets/OV_E3/4. Materials using Guid(b78281697b60c2d41b901fc4095095bb) Importer(815301076,1909f56bfc062723c751e8b465ee728b)  -> (artifact id: 'f3ac49246774d5f5122cc7521eef25c4') in 0.000964 seconds
Number of updated asset objects reloaded before import = 0
Number of asset objects unloaded after import = 0
========================================================================
Received Import Request.
  Time since last request: 4.305261 seconds.
  path: Assets/OV_E3/New Lighting Settings.lighting
  artifactKey: Guid(2d64e647f3a370d428dffe66816e2d5b) Importer(815301076,1909f56bfc062723c751e8b465ee728b)
Start importing Assets/OV_E3/New Lighting Settings.lighting using Guid(2d64e647f3a370d428dffe66816e2d5b) Importer(815301076,1909f56bfc062723c751e8b465ee728b) LightingSettings: switching bake backend from 1 to 2.
 -> (artifact id: '783eaa9b16f37a4cdbadf4b14ce0045a') in 0.002307 seconds
Number of updated asset objects reloaded before import = 0
Number of asset objects unloaded after import = 1
========================================================================
Received Import Request.
  Time since last request: 1.274018 seconds.
  path: Assets/OV_E3/1. Scenes/E3.unity
  artifactKey: Guid(7a87855b84c98624fb9553868c655839) Importer(815301076,1909f56bfc062723c751e8b465ee728b)
Start importing Assets/OV_E3/1. Scenes/E3.unity using Guid(7a87855b84c98624fb9553868c655839) Importer(815301076,1909f56bfc062723c751e8b465ee728b)  -> (artifact id: '627b29c13a11d3ac1d42e53c0a0a2833') in 0.001067 seconds
Number of updated asset objects reloaded before import = 0
Number of asset objects unloaded after import = 0
========================================================================
Received Import Request.
  Time since last request: 1.097001 seconds.
  path: Assets/OV_E3/1. Scenes/E3
  artifactKey: Guid(949bd0a0dbd014f4cbf5003864c13e19) Importer(815301076,1909f56bfc062723c751e8b465ee728b)
Start importing Assets/OV_E3/1. Scenes/E3 using Guid(949bd0a0dbd014f4cbf5003864c13e19) Importer(815301076,1909f56bfc062723c751e8b465ee728b)  -> (artifact id: 'dbc8505d791554642105058116d7d845') in 0.000498 seconds
Number of updated asset objects reloaded before import = 0
Number of asset objects unloaded after import = 0
